{"uuid":"1fdb2b33-0280-4f7d-aaa6-7df4d4ce1c79","historyId":"d0cc3ea380c958bfda5c21b3b02beaea","fullName":"InsiderTest.qaJobApplyToInsiderTest","labels":[{"name":"package","value":"InsiderTest"},{"name":"testClass","value":"InsiderTest"},{"name":"testMethod","value":"qaJobApplyToInsiderTest"},{"name":"parentSuite","value":"Surefire suite"},{"name":"suite","value":"Surefire test"},{"name":"subSuite","value":"InsiderTest"},{"name":"host","value":"OsmanCanDesktop"},{"name":"thread","value":"10680@OsmanCanDesktop.main(1)"},{"name":"framework","value":"testng"},{"name":"language","value":"java"}],"links":[],"name":"Verify homepage navigation, QA job filters, and application page redirection","status":"failed","statusDetails":{"known":false,"muted":false,"flaky":false,"message":"Location mismatch → expected: '[[ChromeDriver: chrome on windows (78b35ae523828dc910945ece41f3ce6e)] -> class name: position-location]' but was: 'Istanbul, Turkiye' expected [true] but found [false]","trace":"java.lang.AssertionError: Location mismatch → expected: '[[ChromeDriver: chrome on windows (78b35ae523828dc910945ece41f3ce6e)] -> class name: position-location]' but was: 'Istanbul, Turkiye' expected [true] but found [false]\r\n\tat org.testng.Assert.fail(Assert.java:111)\r\n\tat org.testng.Assert.failNotEquals(Assert.java:1590)\r\n\tat org.testng.Assert.assertTrue(Assert.java:57)\r\n\tat Pages.JobListPage.verifyJobDetailPositionDepartmentLocation(JobListPage.java:128)\r\n\tat InsiderTest.qaJobApplyToInsiderTest(InsiderTest.java:24)\r\n\tat java.base/jdk.internal.reflect.DirectMethodHandleAccessor.invoke(DirectMethodHandleAccessor.java:103)\r\n\tat java.base/java.lang.reflect.Method.invoke(Method.java:580)\r\n\tat org.testng.internal.invokers.MethodInvocationHelper.invokeMethod(MethodInvocationHelper.java:141)\r\n\tat org.testng.internal.invokers.TestInvoker.invokeMethod(TestInvoker.java:687)\r\n\tat org.testng.internal.invokers.TestInvoker.invokeTestMethod(TestInvoker.java:230)\r\n\tat org.testng.internal.invokers.MethodRunner.runInSequence(MethodRunner.java:63)\r\n\tat org.testng.internal.invokers.TestInvoker$MethodInvocationAgent.invoke(TestInvoker.java:995)\r\n\tat org.testng.internal.invokers.TestInvoker.invokeTestMethods(TestInvoker.java:203)\r\n\tat org.testng.internal.invokers.TestMethodWorker.invokeTestMethods(TestMethodWorker.java:154)\r\n\tat org.testng.internal.invokers.TestMethodWorker.run(TestMethodWorker.java:134)\r\n\tat java.base/java.util.ArrayList.forEach(ArrayList.java:1597)\r\n\tat org.testng.TestRunner.privateRun(TestRunner.java:741)\r\n\tat org.testng.TestRunner.run(TestRunner.java:616)\r\n\tat org.testng.SuiteRunner.runTest(SuiteRunner.java:421)\r\n\tat org.testng.SuiteRunner.runSequentially(SuiteRunner.java:413)\r\n\tat org.testng.SuiteRunner.privateRun(SuiteRunner.java:373)\r\n\tat org.testng.SuiteRunner.run(SuiteRunner.java:312)\r\n\tat org.testng.SuiteRunnerWorker.runSuite(SuiteRunnerWorker.java:52)\r\n\tat org.testng.SuiteRunnerWorker.run(SuiteRunnerWorker.java:95)\r\n\tat org.testng.TestNG.runSuitesSequentially(TestNG.java:1274)\r\n\tat org.testng.TestNG.runSuitesLocally(TestNG.java:1208)\r\n\tat org.testng.TestNG.runSuites(TestNG.java:1112)\r\n\tat org.testng.TestNG.run(TestNG.java:1079)\r\n\tat org.apache.maven.surefire.testng.TestNGExecutor.run(TestNGExecutor.java:135)\r\n\tat org.apache.maven.surefire.testng.TestNGDirectoryTestSuite.executeMulti(TestNGDirectoryTestSuite.java:193)\r\n\tat org.apache.maven.surefire.testng.TestNGDirectoryTestSuite.execute(TestNGDirectoryTestSuite.java:94)\r\n\tat org.apache.maven.surefire.testng.TestNGProvider.invoke(TestNGProvider.java:146)\r\n\tat org.apache.maven.surefire.booter.ForkedBooter.invokeProviderInSameClassLoader(ForkedBooter.java:384)\r\n\tat org.apache.maven.surefire.booter.ForkedBooter.runSuitesInProcess(ForkedBooter.java:345)\r\n\tat org.apache.maven.surefire.booter.ForkedBooter.execute(ForkedBooter.java:126)\r\n\tat org.apache.maven.surefire.booter.ForkedBooter.main(ForkedBooter.java:418)\r\n"},"stage":"finished","steps":[{"name":"Go to the Careers page","status":"passed","stage":"finished","steps":[],"attachments":[],"parameters":[],"start":1753542894675,"stop":1753542896598},{"name":"Go to the Quality Assurance Page","status":"passed","stage":"finished","steps":[],"attachments":[{"name":"Screenshot","source":"088cd6d3-207c-4f36-bb16-6faee435a259-attachment","type":"image/png"}],"parameters":[],"start":1753542896646,"stop":1753542898035},{"name":"Go to the job list Page","status":"passed","stage":"finished","steps":[],"attachments":[],"parameters":[],"start":1753542898035,"stop":1753542898746},{"name":"Filter QA Jobs","status":"passed","stage":"finished","steps":[{"name":"Select location filter","status":"passed","stage":"finished","steps":[{"name":"Click on: filterByLocationDropdown","status":"passed","stage":"finished","steps":[],"attachments":[],"parameters":[{"name":"element","value":"[[ChromeDriver: chrome on windows (78b35ae523828dc910945ece41f3ce6e)] -> id: select2-filter-by-location-container]"},{"name":"elementName","value":"filterByLocationDropdown"}],"start":1753542903806,"stop":1753542903970},{"name":"Click on: istanbulTurkiyeOption","status":"passed","stage":"finished","steps":[],"attachments":[],"parameters":[{"name":"element","value":"[[ChromeDriver: chrome on windows (78b35ae523828dc910945ece41f3ce6e)] -> xpath: //li[text()='Istanbul, Turkiye']]"},{"name":"elementName","value":"istanbulTurkiyeOption"}],"start":1753542904027,"stop":1753542904161}],"attachments":[],"parameters":[],"start":1753542903789,"stop":1753542904161},{"name":"Select department filter","status":"passed","stage":"finished","steps":[{"name":"Click on: filterByDepartmentDropdown","status":"passed","stage":"finished","steps":[],"attachments":[],"parameters":[{"name":"element","value":"[[ChromeDriver: chrome on windows (78b35ae523828dc910945ece41f3ce6e)] -> id: select2-filter-by-department-container]"},{"name":"elementName","value":"filterByDepartmentDropdown"}],"start":1753542904181,"stop":1753542904303},{"name":"Click on: qualityAssuranceOption","status":"passed","stage":"finished","steps":[],"attachments":[],"parameters":[{"name":"element","value":"[[ChromeDriver: chrome on windows (78b35ae523828dc910945ece41f3ce6e)] -> xpath: //li[text()='Quality Assurance']]"},{"name":"elementName","value":"qualityAssuranceOption"}],"start":1753542904360,"stop":1753542904486}],"attachments":[],"parameters":[],"start":1753542904161,"stop":1753542904486}],"attachments":[{"name":"Screenshot","source":"bc64d4f1-1888-46e2-b177-7e1310a9402d-attachment","type":"image/png"}],"parameters":[],"start":1753542903789,"stop":1753542905156},{"name":"Verify 'Istanbul, Turkiye' location selected","status":"passed","stage":"finished","steps":[],"attachments":[],"parameters":[{"name":"expected","value":"Istanbul, Turkiye"}],"start":1753542905157,"stop":1753542905166},{"name":"Verify 'Quality Assurance' department selected","status":"passed","stage":"finished","steps":[],"attachments":[],"parameters":[{"name":"expected","value":"Quality Assurance"}],"start":1753542905166,"stop":1753542905174},{"name":"Check Job Details are true","status":"failed","statusDetails":{"known":false,"muted":false,"flaky":false,"message":"Location mismatch → expected: '[[ChromeDriver: chrome on windows (78b35ae523828dc910945ece41f3ce6e)] -> class name: position-location]' but was: 'Istanbul, Turkiye' expected [true] but found [false]","trace":"java.lang.AssertionError: Location mismatch → expected: '[[ChromeDriver: chrome on windows (78b35ae523828dc910945ece41f3ce6e)] -> class name: position-location]' but was: 'Istanbul, Turkiye' expected [true] but found [false]\r\n\tat org.testng.Assert.fail(Assert.java:111)\r\n\tat org.testng.Assert.failNotEquals(Assert.java:1590)\r\n\tat org.testng.Assert.assertTrue(Assert.java:57)\r\n\tat Pages.JobListPage.verifyJobDetailPositionDepartmentLocation(JobListPage.java:128)\r\n\tat InsiderTest.qaJobApplyToInsiderTest(InsiderTest.java:24)\r\n\tat java.base/jdk.internal.reflect.DirectMethodHandleAccessor.invoke(DirectMethodHandleAccessor.java:103)\r\n\tat java.base/java.lang.reflect.Method.invoke(Method.java:580)\r\n\tat org.testng.internal.invokers.MethodInvocationHelper.invokeMethod(MethodInvocationHelper.java:141)\r\n\tat org.testng.internal.invokers.TestInvoker.invokeMethod(TestInvoker.java:687)\r\n\tat org.testng.internal.invokers.TestInvoker.invokeTestMethod(TestInvoker.java:230)\r\n\tat org.testng.internal.invokers.MethodRunner.runInSequence(MethodRunner.java:63)\r\n\tat org.testng.internal.invokers.TestInvoker$MethodInvocationAgent.invoke(TestInvoker.java:995)\r\n\tat org.testng.internal.invokers.TestInvoker.invokeTestMethods(TestInvoker.java:203)\r\n\tat org.testng.internal.invokers.TestMethodWorker.invokeTestMethods(TestMethodWorker.java:154)\r\n\tat org.testng.internal.invokers.TestMethodWorker.run(TestMethodWorker.java:134)\r\n\tat java.base/java.util.ArrayList.forEach(ArrayList.java:1597)\r\n\tat org.testng.TestRunner.privateRun(TestRunner.java:741)\r\n\tat org.testng.TestRunner.run(TestRunner.java:616)\r\n\tat org.testng.SuiteRunner.runTest(SuiteRunner.java:421)\r\n\tat org.testng.SuiteRunner.runSequentially(SuiteRunner.java:413)\r\n\tat org.testng.SuiteRunner.privateRun(SuiteRunner.java:373)\r\n\tat org.testng.SuiteRunner.run(SuiteRunner.java:312)\r\n\tat org.testng.SuiteRunnerWorker.runSuite(SuiteRunnerWorker.java:52)\r\n\tat org.testng.SuiteRunnerWorker.run(SuiteRunnerWorker.java:95)\r\n\tat org.testng.TestNG.runSuitesSequentially(TestNG.java:1274)\r\n\tat org.testng.TestNG.runSuitesLocally(TestNG.java:1208)\r\n\tat org.testng.TestNG.runSuites(TestNG.java:1112)\r\n\tat org.testng.TestNG.run(TestNG.java:1079)\r\n\tat org.apache.maven.surefire.testng.TestNGExecutor.run(TestNGExecutor.java:135)\r\n\tat org.apache.maven.surefire.testng.TestNGDirectoryTestSuite.executeMulti(TestNGDirectoryTestSuite.java:193)\r\n\tat org.apache.maven.surefire.testng.TestNGDirectoryTestSuite.execute(TestNGDirectoryTestSuite.java:94)\r\n\tat org.apache.maven.surefire.testng.TestNGProvider.invoke(TestNGProvider.java:146)\r\n\tat org.apache.maven.surefire.booter.ForkedBooter.invokeProviderInSameClassLoader(ForkedBooter.java:384)\r\n\tat org.apache.maven.surefire.booter.ForkedBooter.runSuitesInProcess(ForkedBooter.java:345)\r\n\tat org.apache.maven.surefire.booter.ForkedBooter.execute(ForkedBooter.java:126)\r\n\tat org.apache.maven.surefire.booter.ForkedBooter.main(ForkedBooter.java:418)\r\n"},"stage":"finished","steps":[],"attachments":[],"parameters":[{"name":"expPositionTitle","value":"Quality Assurance"},{"name":"expPositionDepartment","value":"Quality Assurance"},{"name":"expPositionLocation","value":"Istanbul, Turkey"}],"start":1753542905174,"stop":1753542905229}],"attachments":[],"parameters":[],"start":1753542894675,"stop":1753542905232}