{"uuid":"9df5c674-7485-40e8-aaee-28b900f2fd15","historyId":"d0cc3ea380c958bfda5c21b3b02beaea","fullName":"InsiderTest.qaJobApplyToInsiderTest","labels":[{"name":"package","value":"InsiderTest"},{"name":"testClass","value":"InsiderTest"},{"name":"testMethod","value":"qaJobApplyToInsiderTest"},{"name":"parentSuite","value":"Default Suite"},{"name":"suite","value":"InsiderQaBootcampFinalProject"},{"name":"subSuite","value":"InsiderTest"},{"name":"host","value":"OsmanCanDesktop"},{"name":"thread","value":"664@OsmanCanDesktop.main(1)"},{"name":"framework","value":"testng"},{"name":"language","value":"java"}],"links":[],"name":"Verify homepage navigation, QA job filters, and application page redirection","status":"failed","statusDetails":{"known":false,"muted":false,"flaky":false,"message":"Department text does not match expected value! expected [QualityAssurance] but found [Quality Assurance]","trace":"java.lang.AssertionError: Department text does not match expected value! expected [QualityAssurance] but found [Quality Assurance]\r\n\tat org.testng.Assert.fail(Assert.java:111)\r\n\tat org.testng.Assert.failNotEquals(Assert.java:1590)\r\n\tat org.testng.Assert.assertEqualsImpl(Assert.java:150)\r\n\tat org.testng.Assert.assertEquals(Assert.java:132)\r\n\tat org.testng.Assert.assertEquals(Assert.java:656)\r\n\tat Base.BaseLibrary.assertEqualsText(BaseLibrary.java:61)\r\n\tat Pages.JobListPage.verifyDepartmentSelected(JobListPage.java:96)\r\n\tat InsiderTest.qaJobApplyToInsiderTest(InsiderTest.java:23)\r\n\tat java.base/jdk.internal.reflect.DirectMethodHandleAccessor.invoke(DirectMethodHandleAccessor.java:103)\r\n\tat java.base/java.lang.reflect.Method.invoke(Method.java:580)\r\n\tat org.testng.internal.invokers.MethodInvocationHelper.invokeMethod(MethodInvocationHelper.java:141)\r\n\tat org.testng.internal.invokers.TestInvoker.invokeMethod(TestInvoker.java:687)\r\n\tat org.testng.internal.invokers.TestInvoker.invokeTestMethod(TestInvoker.java:230)\r\n\tat org.testng.internal.invokers.MethodRunner.runInSequence(MethodRunner.java:63)\r\n\tat org.testng.internal.invokers.TestInvoker$MethodInvocationAgent.invoke(TestInvoker.java:995)\r\n\tat org.testng.internal.invokers.TestInvoker.invokeTestMethods(TestInvoker.java:203)\r\n\tat org.testng.internal.invokers.TestMethodWorker.invokeTestMethods(TestMethodWorker.java:154)\r\n\tat org.testng.internal.invokers.TestMethodWorker.run(TestMethodWorker.java:134)\r\n\tat java.base/java.util.ArrayList.forEach(ArrayList.java:1597)\r\n\tat org.testng.TestRunner.privateRun(TestRunner.java:741)\r\n\tat org.testng.TestRunner.run(TestRunner.java:616)\r\n\tat org.testng.SuiteRunner.runTest(SuiteRunner.java:421)\r\n\tat org.testng.SuiteRunner.runSequentially(SuiteRunner.java:413)\r\n\tat org.testng.SuiteRunner.privateRun(SuiteRunner.java:373)\r\n\tat org.testng.SuiteRunner.run(SuiteRunner.java:312)\r\n\tat org.testng.SuiteRunnerWorker.runSuite(SuiteRunnerWorker.java:52)\r\n\tat org.testng.SuiteRunnerWorker.run(SuiteRunnerWorker.java:95)\r\n\tat org.testng.TestNG.runSuitesSequentially(TestNG.java:1274)\r\n\tat org.testng.TestNG.runSuitesLocally(TestNG.java:1208)\r\n\tat org.testng.TestNG.runSuites(TestNG.java:1112)\r\n\tat org.testng.TestNG.run(TestNG.java:1079)\r\n\tat com.intellij.rt.testng.IDEARemoteTestNG.run(IDEARemoteTestNG.java:65)\r\n\tat com.intellij.rt.testng.RemoteTestNGStarter.main(RemoteTestNGStarter.java:105)\r\n"},"stage":"finished","steps":[{"name":"Go to the Careers page","status":"passed","stage":"finished","steps":[],"attachments":[],"parameters":[],"start":1753536932355,"stop":1753536934269},{"name":"Go to the Quality Assurance Page","status":"passed","stage":"finished","steps":[],"attachments":[{"name":"Screenshot","source":"f1b0ab72-225c-42e1-b74b-73eb116fb618-attachment","type":"image/png"}],"parameters":[],"start":1753536934317,"stop":1753536935756},{"name":"Go to the job list Page","status":"passed","stage":"finished","steps":[],"attachments":[],"parameters":[],"start":1753536935756,"stop":1753536936468},{"name":"Filter QA Jobs","status":"passed","stage":"finished","steps":[{"name":"Select location filter","status":"passed","stage":"finished","steps":[{"name":"Click on element: filterByLocationDropdown","status":"passed","stage":"finished","steps":[],"attachments":[],"parameters":[{"name":"element","value":"[[ChromeDriver: chrome on windows (eb2a59ccff49272f2ea52e41bd769c89)] -> id: select2-filter-by-location-container]"},{"name":"elementName","value":"filterByLocationDropdown"}],"start":1753536941561,"stop":1753536941729},{"name":"Click on element: istanbulTurkiyeOption","status":"passed","stage":"finished","steps":[],"attachments":[],"parameters":[{"name":"element","value":"[[ChromeDriver: chrome on windows (eb2a59ccff49272f2ea52e41bd769c89)] -> xpath: //li[text()='Istanbul, Turkiye']]"},{"name":"elementName","value":"istanbulTurkiyeOption"}],"start":1753536941803,"stop":1753536941930}],"attachments":[],"parameters":[],"start":1753536941534,"stop":1753536941930},{"name":"Select department filter","status":"passed","stage":"finished","steps":[],"attachments":[],"parameters":[],"start":1753536941930,"stop":1753536942252}],"attachments":[{"name":"Screenshot","source":"b3639de2-d321-4b27-8914-63f59938425c-attachment","type":"image/png"}],"parameters":[],"start":1753536941534,"stop":1753536942477},{"name":"Verify 'Istanbul, Turkiye' location selected","status":"passed","stage":"finished","steps":[],"attachments":[],"parameters":[{"name":"expected","value":"Istanbul, Turkiye"}],"start":1753536942477,"stop":1753536942495},{"name":"Verify 'QualityAssurance' department selected","status":"failed","statusDetails":{"known":false,"muted":false,"flaky":false,"message":"Department text does not match expected value! expected [QualityAssurance] but found [Quality Assurance]","trace":"java.lang.AssertionError: Department text does not match expected value! expected [QualityAssurance] but found [Quality Assurance]\r\n\tat org.testng.Assert.fail(Assert.java:111)\r\n\tat org.testng.Assert.failNotEquals(Assert.java:1590)\r\n\tat org.testng.Assert.assertEqualsImpl(Assert.java:150)\r\n\tat org.testng.Assert.assertEquals(Assert.java:132)\r\n\tat org.testng.Assert.assertEquals(Assert.java:656)\r\n\tat Base.BaseLibrary.assertEqualsText(BaseLibrary.java:61)\r\n\tat Pages.JobListPage.verifyDepartmentSelected(JobListPage.java:96)\r\n\tat InsiderTest.qaJobApplyToInsiderTest(InsiderTest.java:23)\r\n\tat java.base/jdk.internal.reflect.DirectMethodHandleAccessor.invoke(DirectMethodHandleAccessor.java:103)\r\n\tat java.base/java.lang.reflect.Method.invoke(Method.java:580)\r\n\tat org.testng.internal.invokers.MethodInvocationHelper.invokeMethod(MethodInvocationHelper.java:141)\r\n\tat org.testng.internal.invokers.TestInvoker.invokeMethod(TestInvoker.java:687)\r\n\tat org.testng.internal.invokers.TestInvoker.invokeTestMethod(TestInvoker.java:230)\r\n\tat org.testng.internal.invokers.MethodRunner.runInSequence(MethodRunner.java:63)\r\n\tat org.testng.internal.invokers.TestInvoker$MethodInvocationAgent.invoke(TestInvoker.java:995)\r\n\tat org.testng.internal.invokers.TestInvoker.invokeTestMethods(TestInvoker.java:203)\r\n\tat org.testng.internal.invokers.TestMethodWorker.invokeTestMethods(TestMethodWorker.java:154)\r\n\tat org.testng.internal.invokers.TestMethodWorker.run(TestMethodWorker.java:134)\r\n\tat java.base/java.util.ArrayList.forEach(ArrayList.java:1597)\r\n\tat org.testng.TestRunner.privateRun(TestRunner.java:741)\r\n\tat org.testng.TestRunner.run(TestRunner.java:616)\r\n\tat org.testng.SuiteRunner.runTest(SuiteRunner.java:421)\r\n\tat org.testng.SuiteRunner.runSequentially(SuiteRunner.java:413)\r\n\tat org.testng.SuiteRunner.privateRun(SuiteRunner.java:373)\r\n\tat org.testng.SuiteRunner.run(SuiteRunner.java:312)\r\n\tat org.testng.SuiteRunnerWorker.runSuite(SuiteRunnerWorker.java:52)\r\n\tat org.testng.SuiteRunnerWorker.run(SuiteRunnerWorker.java:95)\r\n\tat org.testng.TestNG.runSuitesSequentially(TestNG.java:1274)\r\n\tat org.testng.TestNG.runSuitesLocally(TestNG.java:1208)\r\n\tat org.testng.TestNG.runSuites(TestNG.java:1112)\r\n\tat org.testng.TestNG.run(TestNG.java:1079)\r\n\tat com.intellij.rt.testng.IDEARemoteTestNG.run(IDEARemoteTestNG.java:65)\r\n\tat com.intellij.rt.testng.RemoteTestNGStarter.main(RemoteTestNGStarter.java:105)\r\n"},"stage":"finished","steps":[],"attachments":[{"name":"Screenshot","source":"d615c714-2f04-4a9c-85cb-50cfda6724f9-attachment","type":"image/png"}],"parameters":[{"name":"expected","value":"QualityAssurance"}],"start":1753536942496,"stop":1753536942673}],"attachments":[],"parameters":[],"start":1753536932354,"stop":1753536942675}